<?xml version="1.0" encoding="UTF-8"?>
<testsuite name="com.example.it216groupproject1.ExampleUnitTest" tests="3" skipped="0" failures="0" errors="0" timestamp="2026-06-23T21:55:39" hostname="MacBookPro.lan" time="0.012">
  <properties/>
  <testcase name="totalCaloriesSumsCompletedSessions" classname="com.example.it216groupproject1.ExampleUnitTest" time="0.01"/>
  <testcase name="caloriesForRunningUsesWorkoutRate" classname="com.example.it216groupproject1.ExampleUnitTest" time="0.001"/>
  <testcase name="averageDurationReturnsZeroForEmptyHistory" classname="com.example.it216groupproject1.ExampleUnitTest" time="0.0"/>
  <system-out><![CDATA[]]></system-out>
  <system-err><![CDATA[]]></system-err>
</testsuite>
